[35m[1mConsolidate compiler generated dependencies of target avoidance[0m
[ 50%] [32mBuilding CXX object CMakeFiles/avoidance.dir/src/avoidance.cpp.o[0m
[01m[K/home/jhny56/Desktop/Session11/Johnny-Answers-Session11/src/robot_avoidance/src/avoidance.cpp:[m[K In member function â€˜[01m[Kstd::vector<float> AvoidanceNode::calculate_repulsion(sensor_msgs::msg::LaserScan_<std::allocator<void> >::SharedPtr)[m[Kâ€™:
[01m[K/home/jhny56/Desktop/Session11/Johnny-Answers-Session11/src/robot_avoidance/src/avoidance.cpp:36:11:[m[K [01;31m[Kerror: [m[Kredeclaration of â€˜[01m[Kfloat min_range[m[Kâ€™
   36 |     float [01;31m[Kmin_range[m[K = *min_it;
      |           [01;31m[K^~~~~~~~~[m[K
[01m[K/home/jhny56/Desktop/Session11/Johnny-Answers-Session11/src/robot_avoidance/src/avoidance.cpp:32:11:[m[K [01;36m[Knote: [m[Kâ€˜[01m[Kfloat min_range[m[Kâ€™ previously declared here
   32 |     float [01;36m[Kmin_range[m[K = std::numeric_limits<float>::max();
      |           [01;36m[K^~~~~~~~~[m[K
[01m[K/home/jhny56/Desktop/Session11/Johnny-Answers-Session11/src/robot_avoidance/src/avoidance.cpp:37:12:[m[K [01;31m[Kerror: [m[Kredeclaration of â€˜[01m[Ksize_t min_index[m[Kâ€™
   37 |     size_t [01;31m[Kmin_index[m[K = std::distance(msg->ranges.begin(), min_it);
      |            [01;31m[K^~~~~~~~~[m[K
[01m[K/home/jhny56/Desktop/Session11/Johnny-Answers-Session11/src/robot_avoidance/src/avoidance.cpp:33:12:[m[K [01;36m[Knote: [m[Kâ€˜[01m[Ksize_t min_index[m[Kâ€™ previously declared here
   33 |     size_t [01;36m[Kmin_index[m[K = 0;
      |            [01;36m[K^~~~~~~~~[m[K
gmake[2]: *** [CMakeFiles/avoidance.dir/build.make:76: CMakeFiles/avoidance.dir/src/avoidance.cpp.o] Error 1
gmake[1]: *** [CMakeFiles/Makefile2:137: CMakeFiles/avoidance.dir/all] Error 2
gmake: *** [Makefile:146: all] Error 2
