[0.009s] Invoking command in '/home/jhny56/Desktop/Session11/Johnny-Answers-Session11/build/robot_avoidance': CMAKE_PREFIX_PATH=/opt/ros/humble /usr/bin/cmake --build /home/jhny56/Desktop/Session11/Johnny-Answers-Session11/build/robot_avoidance -- -j16 -l16
[0.042s] [35m[1mConsolidate compiler generated dependencies of target avoidance[0m
[0.075s] [ 50%] [32mBuilding CXX object CMakeFiles/avoidance.dir/src/avoidance.cpp.o[0m
[1.667s] [01m[K/home/jhny56/Desktop/Session11/Johnny-Answers-Session11/src/robot_avoidance/src/avoidance.cpp:[m[K In member function â€˜[01m[Kstd::vector<float> AvoidanceNode::calculate_repulsion(sensor_msgs::msg::LaserScan_<std::allocator<void> >::SharedPtr)[m[Kâ€™:
[1.667s] [01m[K/home/jhny56/Desktop/Session11/Johnny-Answers-Session11/src/robot_avoidance/src/avoidance.cpp:36:11:[m[K [01;31m[Kerror: [m[Kredeclaration of â€˜[01m[Kfloat min_range[m[Kâ€™
[1.667s]    36 |     float [01;31m[Kmin_range[m[K = *min_it;
[1.667s]       |           [01;31m[K^~~~~~~~~[m[K
[1.667s] [01m[K/home/jhny56/Desktop/Session11/Johnny-Answers-Session11/src/robot_avoidance/src/avoidance.cpp:32:11:[m[K [01;36m[Knote: [m[Kâ€˜[01m[Kfloat min_range[m[Kâ€™ previously declared here
[1.667s]    32 |     float [01;36m[Kmin_range[m[K = std::numeric_limits<float>::max();
[1.667s]       |           [01;36m[K^~~~~~~~~[m[K
[1.667s] [01m[K/home/jhny56/Desktop/Session11/Johnny-Answers-Session11/src/robot_avoidance/src/avoidance.cpp:37:12:[m[K [01;31m[Kerror: [m[Kredeclaration of â€˜[01m[Ksize_t min_index[m[Kâ€™
[1.667s]    37 |     size_t [01;31m[Kmin_index[m[K = std::distance(msg->ranges.begin(), min_it);
[1.667s]       |            [01;31m[K^~~~~~~~~[m[K
[1.667s] [01m[K/home/jhny56/Desktop/Session11/Johnny-Answers-Session11/src/robot_avoidance/src/avoidance.cpp:33:12:[m[K [01;36m[Knote: [m[Kâ€˜[01m[Ksize_t min_index[m[Kâ€™ previously declared here
[1.667s]    33 |     size_t [01;36m[Kmin_index[m[K = 0;
[1.667s]       |            [01;36m[K^~~~~~~~~[m[K
[3.361s] gmake[2]: *** [CMakeFiles/avoidance.dir/build.make:76: CMakeFiles/avoidance.dir/src/avoidance.cpp.o] Error 1
[3.361s] gmake[1]: *** [CMakeFiles/Makefile2:137: CMakeFiles/avoidance.dir/all] Error 2
[3.361s] gmake: *** [Makefile:146: all] Error 2
[3.363s] Invoked command in '/home/jhny56/Desktop/Session11/Johnny-Answers-Session11/build/robot_avoidance' returned '2': CMAKE_PREFIX_PATH=/opt/ros/humble /usr/bin/cmake --build /home/jhny56/Desktop/Session11/Johnny-Answers-Session11/build/robot_avoidance -- -j16 -l16
