[0.007s] Invoking command in '/home/jhny56/Desktop/Session11/Johnny-Answers-Session11/build/robot_avoidance': CMAKE_PREFIX_PATH=/opt/ros/humble /usr/bin/cmake /home/jhny56/Desktop/Session11/Johnny-Answers-Session11/src/robot_avoidance -DCMAKE_INSTALL_PREFIX=/home/jhny56/Desktop/Session11/Johnny-Answers-Session11/install/robot_avoidance
[0.020s] -- Found ament_cmake: 1.3.9 (/opt/ros/humble/share/ament_cmake/cmake)
[0.133s] -- Found rclcpp: 16.0.9 (/opt/ros/humble/share/rclcpp/cmake)
[0.152s] -- Found rosidl_generator_c: 3.1.5 (/opt/ros/humble/share/rosidl_generator_c/cmake)
[0.154s] -- Found rosidl_adapter: 3.1.5 (/opt/ros/humble/share/rosidl_adapter/cmake)
[0.158s] -- Found rosidl_generator_cpp: 3.1.5 (/opt/ros/humble/share/rosidl_generator_cpp/cmake)
[0.165s] -- Using all available rosidl_typesupport_c: rosidl_typesupport_fastrtps_c;rosidl_typesupport_introspection_c
[0.179s] -- Using all available rosidl_typesupport_cpp: rosidl_typesupport_fastrtps_cpp;rosidl_typesupport_introspection_cpp
[0.228s] -- Found rmw_implementation_cmake: 6.1.2 (/opt/ros/humble/share/rmw_implementation_cmake/cmake)
[0.228s] -- Found rmw_fastrtps_cpp: 6.2.6 (/opt/ros/humble/share/rmw_fastrtps_cpp/cmake)
[0.313s] -- Using RMW implementation 'rmw_fastrtps_cpp' as default
[0.420s] -- Found sensor_msgs: 4.2.4 (/opt/ros/humble/share/sensor_msgs/cmake)
[0.506s] -- Found visualization_msgs: 4.2.4 (/opt/ros/humble/share/visualization_msgs/cmake)
[0.596s] -- Found ament_lint_auto: 0.12.11 (/opt/ros/humble/share/ament_lint_auto/cmake)
[0.646s] -- Added test 'cppcheck' to perform static code analysis on C / C++ code
[0.646s] -- Configured cppcheck include dirs: 
[0.646s] -- Configured cppcheck exclude dirs and/or files: 
[0.646s] -- Added test 'flake8' to check Python code syntax and style conventions
[0.646s] -- Added test 'lint_cmake' to check CMake code style
[0.646s] -- Added test 'pep257' to check Python code against some of the docstring style conventions in PEP 257
[0.647s] -- Added test 'uncrustify' to check C / C++ code style
[0.647s] -- Configured uncrustify additional arguments: 
[0.647s] -- Added test 'xmllint' to check XML markup files
[0.647s] -- Configuring done
[0.653s] -- Generating done
[0.654s] -- Build files have been written to: /home/jhny56/Desktop/Session11/Johnny-Answers-Session11/build/robot_avoidance
[0.660s] Invoked command in '/home/jhny56/Desktop/Session11/Johnny-Answers-Session11/build/robot_avoidance' returned '0': CMAKE_PREFIX_PATH=/opt/ros/humble /usr/bin/cmake /home/jhny56/Desktop/Session11/Johnny-Answers-Session11/src/robot_avoidance -DCMAKE_INSTALL_PREFIX=/home/jhny56/Desktop/Session11/Johnny-Answers-Session11/install/robot_avoidance
[0.661s] Invoking command in '/home/jhny56/Desktop/Session11/Johnny-Answers-Session11/build/robot_avoidance': CMAKE_PREFIX_PATH=/opt/ros/humble /usr/bin/cmake --build /home/jhny56/Desktop/Session11/Johnny-Answers-Session11/build/robot_avoidance -- -j16 -l16
[0.693s] [ 50%] [32mBuilding CXX object CMakeFiles/avoidance_node.dir/src/avoidance.cpp.o[0m
[0.705s] [01m[K/home/jhny56/Desktop/Session11/Johnny-Answers-Session11/src/robot_avoidance/src/avoidance.cpp:1:10:[m[K [01;31m[Kfatal error: [m[Kavoidance/avoidance_node.hpp: No such file or directory
[0.705s]     1 | #include [01;31m[K"avoidance/avoidance_node.hpp"[m[K
[0.705s]       |          [01;31m[K^~~~~~~~~~~~~~~~~~~~~~~~~~~~~~[m[K
[0.705s] compilation terminated.
[0.706s] gmake[2]: *** [CMakeFiles/avoidance_node.dir/build.make:76: CMakeFiles/avoidance_node.dir/src/avoidance.cpp.o] Error 1
[0.706s] gmake[1]: *** [CMakeFiles/Makefile2:137: CMakeFiles/avoidance_node.dir/all] Error 2
[0.706s] gmake: *** [Makefile:146: all] Error 2
[0.709s] Invoked command in '/home/jhny56/Desktop/Session11/Johnny-Answers-Session11/build/robot_avoidance' returned '2': CMAKE_PREFIX_PATH=/opt/ros/humble /usr/bin/cmake --build /home/jhny56/Desktop/Session11/Johnny-Answers-Session11/build/robot_avoidance -- -j16 -l16
