[0.007s] Invoking command in '/home/jhny56/Desktop/Session11/Johnny-Answers-Session11/build/robot_avoidance': CMAKE_PREFIX_PATH=/opt/ros/humble /usr/bin/cmake --build /home/jhny56/Desktop/Session11/Johnny-Answers-Session11/build/robot_avoidance -- -j16 -l16
[0.051s] [ 50%] [32mBuilding CXX object CMakeFiles/avoidance_node.dir/src/avoidance.cpp.o[0m
[0.060s] [01m[K/home/jhny56/Desktop/Session11/Johnny-Answers-Session11/src/robot_avoidance/src/avoidance.cpp:1:10:[m[K [01;31m[Kfatal error: [m[Krobot_avoidance/include/avoidance.hpp: No such file or directory
[0.060s]     1 | #include [01;31m[K"robot_avoidance/include/avoidance.hpp"[m[K
[0.060s]       |          [01;31m[K^~~~~~~~~~~~~~~~~~~~~~~~~~~~~~~~~~~~~~~[m[K
[0.060s] compilation terminated.
[0.061s] gmake[2]: *** [CMakeFiles/avoidance_node.dir/build.make:76: CMakeFiles/avoidance_node.dir/src/avoidance.cpp.o] Error 1
[0.061s] gmake[1]: *** [CMakeFiles/Makefile2:137: CMakeFiles/avoidance_node.dir/all] Error 2
[0.061s] gmake: *** [Makefile:146: all] Error 2
[0.063s] Invoked command in '/home/jhny56/Desktop/Session11/Johnny-Answers-Session11/build/robot_avoidance' returned '2': CMAKE_PREFIX_PATH=/opt/ros/humble /usr/bin/cmake --build /home/jhny56/Desktop/Session11/Johnny-Answers-Session11/build/robot_avoidance -- -j16 -l16
