[0.007s] Invoking command in '/home/jhny56/Desktop/Session11/Johnny-Answers-Session11/build/robot_avoidance': CMAKE_PREFIX_PATH=${CMAKE_PREFIX_PATH}:/opt/ros/humble /usr/bin/cmake --build /home/jhny56/Desktop/Session11/Johnny-Answers-Session11/build/robot_avoidance -- -j16 -l16
[0.039s] [35m[1mConsolidate compiler generated dependencies of target avoidance[0m
[0.055s] [ 50%] [32mBuilding CXX object CMakeFiles/avoidance.dir/src/avoidance.cpp.o[0m
[1.695s] [01m[K/home/jhny56/Desktop/Session11/Johnny-Answers-Session11/src/robot_avoidance/src/avoidance.cpp:[m[K In constructor â€˜[01m[KAvoidanceNode::AvoidanceNode()[m[Kâ€™:
[1.696s] [01m[K/home/jhny56/Desktop/Session11/Johnny-Answers-Session11/src/robot_avoidance/src/avoidance.cpp:21:3:[m[K [01;31m[Kerror: [m[Kâ€˜[01m[Klatest_scan_[m[Kâ€™ was not declared in this scope
[1.696s]    21 |   [01;31m[Klatest_scan_[m[K = nullptr;
[1.696s]       |   [01;31m[K^~~~~~~~~~~~[m[K
[1.702s] [01m[K/home/jhny56/Desktop/Session11/Johnny-Answers-Session11/src/robot_avoidance/src/avoidance.cpp:[m[K In member function â€˜[01m[Kvoid AvoidanceNode::lidar_callback(sensor_msgs::msg::LaserScan_<std::allocator<void> >::SharedPtr)[m[Kâ€™:
[1.702s] [01m[K/home/jhny56/Desktop/Session11/Johnny-Answers-Session11/src/robot_avoidance/src/avoidance.cpp:26:3:[m[K [01;31m[Kerror: [m[Kâ€˜[01m[Klatest_scan_[m[Kâ€™ was not declared in this scope
[1.703s]    26 |   [01;31m[Klatest_scan_[m[K = msg;
[1.703s]       |   [01;31m[K^~~~~~~~~~~~[m[K
[1.708s] [01m[K/home/jhny56/Desktop/Session11/Johnny-Answers-Session11/src/robot_avoidance/src/avoidance.cpp:[m[K In member function â€˜[01m[Kvoid AvoidanceNode::timer_callback()[m[Kâ€™:
[1.708s] [01m[K/home/jhny56/Desktop/Session11/Johnny-Answers-Session11/src/robot_avoidance/src/avoidance.cpp:42:7:[m[K [01;31m[Kerror: [m[Kâ€˜[01m[Klatest_scan_[m[Kâ€™ was not declared in this scope
[1.708s]    42 |   if ([01;31m[Klatest_scan_[m[K == nullptr) {
[1.708s]       |       [01;31m[K^~~~~~~~~~~~[m[K
[1.713s] [01m[K/home/jhny56/Desktop/Session11/Johnny-Answers-Session11/src/robot_avoidance/src/avoidance.cpp:47:40:[m[K [01;31m[Kerror: [m[Kâ€˜[01m[Klatest_scan_[m[Kâ€™ was not declared in this scope
[1.713s]    47 |   auto repulsion = calculate_repulsion([01;31m[Klatest_scan_[m[K);
[1.713s]       |                                        [01;31m[K^~~~~~~~~~~~[m[K
[3.831s] gmake[2]: *** [CMakeFiles/avoidance.dir/build.make:76: CMakeFiles/avoidance.dir/src/avoidance.cpp.o] Error 1
[3.831s] gmake[1]: *** [CMakeFiles/Makefile2:137: CMakeFiles/avoidance.dir/all] Error 2
[3.831s] gmake: *** [Makefile:146: all] Error 2
[3.833s] Invoked command in '/home/jhny56/Desktop/Session11/Johnny-Answers-Session11/build/robot_avoidance' returned '2': CMAKE_PREFIX_PATH=${CMAKE_PREFIX_PATH}:/opt/ros/humble /usr/bin/cmake --build /home/jhny56/Desktop/Session11/Johnny-Answers-Session11/build/robot_avoidance -- -j16 -l16
