[0.006s] Invoking command in '/home/jhny56/Desktop/Session11/Johnny-Answers-Session11/build/robot_avoidance': CMAKE_PREFIX_PATH=${CMAKE_PREFIX_PATH}:/opt/ros/humble /usr/bin/cmake --build /home/jhny56/Desktop/Session11/Johnny-Answers-Session11/build/robot_avoidance -- -j16 -l16
[0.033s] [35m[1mConsolidate compiler generated dependencies of target avoidance[0m
[0.045s] [ 50%] [32mBuilding CXX object CMakeFiles/avoidance.dir/src/avoidance.cpp.o[0m
[0.183s] [01m[K/home/jhny56/Desktop/Session11/Johnny-Answers-Session11/src/robot_avoidance/src/avoidance.cpp:4:10:[m[K [01;31m[Kfatal error: [m[Ktf2_geometry_msgs/tf2_geometry_msgs.hpp : No such file or directory
[0.183s]     4 | #include [01;31m[K"tf2_geometry_msgs/tf2_geometry_msgs.hpp "[m[K
[0.183s]       |          [01;31m[K^~~~~~~~~~~~~~~~~~~~~~~~~~~~~~~~~~~~~~~~~~[m[K
[0.183s] compilation terminated.
[0.185s] gmake[2]: *** [CMakeFiles/avoidance.dir/build.make:76: CMakeFiles/avoidance.dir/src/avoidance.cpp.o] Error 1
[0.185s] gmake[1]: *** [CMakeFiles/Makefile2:137: CMakeFiles/avoidance.dir/all] Error 2
[0.185s] gmake: *** [Makefile:146: all] Error 2
[0.187s] Invoked command in '/home/jhny56/Desktop/Session11/Johnny-Answers-Session11/build/robot_avoidance' returned '2': CMAKE_PREFIX_PATH=${CMAKE_PREFIX_PATH}:/opt/ros/humble /usr/bin/cmake --build /home/jhny56/Desktop/Session11/Johnny-Answers-Session11/build/robot_avoidance -- -j16 -l16
